<?xml version="1.0" encoding="UTF-8"?>
<!-- Generated by org.testng.reporters.JUnitReportReporter -->
<testsuite hostname="AjayHC" failures="0" tests="3" name="com.HRM.qa.TestCases.AddEmpPageTest" time="92.220" errors="0" timestamp="2022-11-24T18:43:04 IST" skipped="0">
  <testcase classname="com.HRM.qa.TestCases.AddEmpPageTest" name="Addemp" time="31.874"/>
  <system-out/>
  <testcase classname="com.HRM.qa.TestCases.AddEmpPageTest" name="Addemp" time="29.829"/>
  <system-out/>
  <testcase classname="com.HRM.qa.TestCases.AddEmpPageTest" name="Addemp" time="30.517"/>
  <system-out/>
</testsuite> <!-- com.HRM.qa.TestCases.AddEmpPageTest -->
