<?xml version="1.0" encoding="UTF-8"?>
<!-- Generated by org.testng.reporters.JUnitReportReporter -->
<testsuite hostname="AjayHC" failures="0" tests="1" name="com.HRM.qa.TestCases.HomePageTest" time="14.868" errors="0" timestamp="2022-11-24T18:43:03 IST" skipped="0">
  <testcase classname="com.HRM.qa.TestCases.HomePageTest" name="clickpim" time="14.868"/>
  <system-out/>
</testsuite> <!-- com.HRM.qa.TestCases.HomePageTest -->
