<?xml version="1.0" encoding="UTF-8"?>
<!-- Generated by org.testng.reporters.JUnitReportReporter -->
<testsuite hostname="AjayHC" failures="0" tests="1" name="com.HRM.qa.TestCases.PIMPageTest" time="22.979" errors="0" timestamp="2022-11-24T18:43:03 IST" skipped="0">
  <testcase classname="com.HRM.qa.TestCases.PIMPageTest" name="validateaddemppage" time="22.979"/>
  <system-out/>
</testsuite> <!-- com.HRM.qa.TestCases.PIMPageTest -->
